<?xml version="1.0" encoding="UTF-8"?>
<testsuite name="springboottest.spring.boot.hello.world.HelloWorldControllerTest" time="0.003" tests="2" errors="2" skipped="0" failures="0">
  <properties>
    <property name="java.runtime.name" value="Java(TM) SE Runtime Environment"/>
    <property name="sun.boot.library.path" value="C:\Users\win\AppData\Local\MyEclipse Professional\binary\com.sun.java.jdk.win32.x86_64_1.6.0.u43\jre\bin"/>
    <property name="java.vm.version" value="20.14-b01"/>
    <property name="java.vm.vendor" value="Sun Microsystems Inc."/>
    <property name="java.vendor.url" value="http://java.sun.com/"/>
    <property name="path.separator" value=";"/>
    <property name="java.vm.name" value="Java HotSpot(TM) 64-Bit Server VM"/>
    <property name="file.encoding.pkg" value="sun.io"/>
    <property name="user.country" value="CN"/>
    <property name="sun.java.launcher" value="SUN_STANDARD"/>
    <property name="sun.os.patch.level" value="Service Pack 1"/>
    <property name="java.vm.specification.name" value="Java Virtual Machine Specification"/>
    <property name="user.dir" value="D:\work\workspace\springboottest"/>
    <property name="java.runtime.version" value="1.6.0_43-b01"/>
    <property name="java.awt.graphicsenv" value="sun.awt.Win32GraphicsEnvironment"/>
    <property name="java.endorsed.dirs" value="C:\Users\win\AppData\Local\MyEclipse Professional\binary\com.sun.java.jdk.win32.x86_64_1.6.0.u43\jre\lib\endorsed"/>
    <property name="os.arch" value="amd64"/>
    <property name="java.io.tmpdir" value="C:\Users\win\AppData\Local\Temp\"/>
    <property name="line.separator" value="&#10;"/>
    <property name="java.vm.specification.vendor" value="Sun Microsystems Inc."/>
    <property name="user.variant" value=""/>
    <property name="os.name" value="Windows 7"/>
    <property name="classworlds.conf" value="D:\work\workspace\.metadata\.plugins\org.maven.ide.eclipse\launches\m2conf7509787036234943165.tmp"/>
    <property name="sun.jnu.encoding" value="GBK"/>
    <property name="java.library.path" value="C:\Users\win\AppData\Local\MyEclipse Professional\binary\com.sun.java.jdk.win32.x86_64_1.6.0.u43\bin;C:\Windows\Sun\Java\bin;C:\Windows\system32;C:\Windows;C:/Users/win/AppData/Local/Genuitec/Common/binary/com.sun.java.jdk.win32.x86_1.6.0.013/jre/bin/client;C:/Users/win/AppData/Local/Genuitec/Common/binary/com.sun.java.jdk.win32.x86_1.6.0.013/jre/bin;C:\ProgramData\Oracle\Java\javapath;D:\Program Files\apache-maven-3.2.5\bin;c:\oracle\product\10.2.0\db_1\bin;C:\Program Files (x86)\Java\jdk1.8.0_65\bin;C:\Windows\system32;C:\Windows;C:\Windows\System32\Wbem;C:\Windows\System32\WindowsPowerShell\v1.0\;D:\Program Files\TortoiseGit\bin;d:\Program Files\OpenSSH\bin;D:\Program Files\nodejs\;D:\android-sdk\tools;D:\Program Files\gradle\gradle-4.3.1\bin;D:\android-ndk-r16;;d:\Program Files\Microsoft VS Code\bin;C:\Users\win\AppData\Roaming\npm;."/>
    <property name="java.specification.name" value="Java Platform API Specification"/>
    <property name="java.class.version" value="50.0"/>
    <property name="sun.management.compiler" value="HotSpot 64-Bit Tiered Compilers"/>
    <property name="os.version" value="6.1"/>
    <property name="user.home" value="C:\Users\win"/>
    <property name="user.timezone" value="Asia/Shanghai"/>
    <property name="java.awt.printerjob" value="sun.awt.windows.WPrinterJob"/>
    <property name="file.encoding" value="GBK"/>
    <property name="java.specification.version" value="1.6"/>
    <property name="user.name" value="win"/>
    <property name="java.class.path" value="/C:/Users/win/AppData/Local/Genuitec/Common/plugins/org.maven.ide.eclipse.maven_embedder_0.10.0.me201003101716/jars/plexus-classworlds-2.2.2.jar"/>
    <property name="java.vm.specification.version" value="1.0"/>
    <property name="sun.arch.data.model" value="64"/>
    <property name="java.home" value="C:\Users\win\AppData\Local\MyEclipse Professional\binary\com.sun.java.jdk.win32.x86_64_1.6.0.u43\jre"/>
    <property name="sun.java.command" value="org.codehaus.plexus.classworlds.launcher.Launcher -B package"/>
    <property name="java.specification.vendor" value="Sun Microsystems Inc."/>
    <property name="user.language" value="zh"/>
    <property name="awt.toolkit" value="sun.awt.windows.WToolkit"/>
    <property name="java.vm.info" value="mixed mode"/>
    <property name="java.version" value="1.6.0_43"/>
    <property name="java.ext.dirs" value="C:\Users\win\AppData\Local\MyEclipse Professional\binary\com.sun.java.jdk.win32.x86_64_1.6.0.u43\jre\lib\ext;C:\Windows\Sun\Java\lib\ext"/>
    <property name="sun.boot.class.path" value="C:\Users\win\AppData\Local\MyEclipse Professional\binary\com.sun.java.jdk.win32.x86_64_1.6.0.u43\jre\lib\resources.jar;C:\Users\win\AppData\Local\MyEclipse Professional\binary\com.sun.java.jdk.win32.x86_64_1.6.0.u43\jre\lib\rt.jar;C:\Users\win\AppData\Local\MyEclipse Professional\binary\com.sun.java.jdk.win32.x86_64_1.6.0.u43\jre\lib\sunrsasign.jar;C:\Users\win\AppData\Local\MyEclipse Professional\binary\com.sun.java.jdk.win32.x86_64_1.6.0.u43\jre\lib\jsse.jar;C:\Users\win\AppData\Local\MyEclipse Professional\binary\com.sun.java.jdk.win32.x86_64_1.6.0.u43\jre\lib\jce.jar;C:\Users\win\AppData\Local\MyEclipse Professional\binary\com.sun.java.jdk.win32.x86_64_1.6.0.u43\jre\lib\charsets.jar;C:\Users\win\AppData\Local\MyEclipse Professional\binary\com.sun.java.jdk.win32.x86_64_1.6.0.u43\jre\lib\modules\jdk.boot.jar;C:\Users\win\AppData\Local\MyEclipse Professional\binary\com.sun.java.jdk.win32.x86_64_1.6.0.u43\jre\classes"/>
    <property name="java.vendor" value="Sun Microsystems Inc."/>
    <property name="maven.home" value="D:\work\workspace\springboottest\EMBEDDED"/>
    <property name="file.separator" value="\"/>
    <property name="java.vendor.url.bug" value="http://java.sun.com/cgi-bin/bugreport.cgi"/>
    <property name="sun.cpu.endian" value="little"/>
    <property name="sun.io.unicode.encoding" value="UnicodeLittle"/>
    <property name="sun.desktop" value="windows"/>
    <property name="sun.cpu.isalist" value="amd64"/>
  </properties>
  <testcase name="getHello2" classname="springboottest.spring.boot.hello.world.HelloWorldControllerTest" time="0.002">
    <error message="javax/servlet/ServletException : Unsupported major.minor version 51.0" type="java.lang.UnsupportedClassVersionError">java.lang.UnsupportedClassVersionError: javax/servlet/ServletException : Unsupported major.minor version 51.0
	at java.lang.ClassLoader.defineClass1(Native Method)
	at java.lang.ClassLoader.defineClassCond(ClassLoader.java:631)
	at java.lang.ClassLoader.defineClass(ClassLoader.java:615)
	at java.security.SecureClassLoader.defineClass(SecureClassLoader.java:141)
	at java.net.URLClassLoader.defineClass(URLClassLoader.java:283)
	at java.net.URLClassLoader.access$000(URLClassLoader.java:58)
	at java.net.URLClassLoader$1.run(URLClassLoader.java:197)
	at java.security.AccessController.doPrivileged(Native Method)
	at java.net.URLClassLoader.findClass(URLClassLoader.java:190)
	at java.lang.ClassLoader.loadClass(ClassLoader.java:306)
	at sun.misc.Launcher$AppClassLoader.loadClass(Launcher.java:301)
	at java.lang.ClassLoader.loadClass(ClassLoader.java:247)
	at org.springframework.test.web.servlet.setup.MockMvcBuilders.standaloneSetup(MockMvcBuilders.java:75)
	at springboottest.spring.boot.hello.world.HelloWorldControllerTest.setUp(HelloWorldControllerTest.java:22)
</error>
  </testcase>
  <testcase name="getHello" classname="springboottest.spring.boot.hello.world.HelloWorldControllerTest" time="0.001">
    <error message="javax/servlet/ServletException : Unsupported major.minor version 51.0" type="java.lang.UnsupportedClassVersionError">java.lang.UnsupportedClassVersionError: javax/servlet/ServletException : Unsupported major.minor version 51.0
	at java.lang.ClassLoader.defineClass1(Native Method)
	at java.lang.ClassLoader.defineClassCond(ClassLoader.java:631)
	at java.lang.ClassLoader.defineClass(ClassLoader.java:615)
	at java.security.SecureClassLoader.defineClass(SecureClassLoader.java:141)
	at java.net.URLClassLoader.defineClass(URLClassLoader.java:283)
	at java.net.URLClassLoader.access$000(URLClassLoader.java:58)
	at java.net.URLClassLoader$1.run(URLClassLoader.java:197)
	at java.security.AccessController.doPrivileged(Native Method)
	at java.net.URLClassLoader.findClass(URLClassLoader.java:190)
	at java.lang.ClassLoader.loadClass(ClassLoader.java:306)
	at sun.misc.Launcher$AppClassLoader.loadClass(Launcher.java:301)
	at java.lang.ClassLoader.loadClass(ClassLoader.java:247)
	at org.springframework.test.web.servlet.setup.MockMvcBuilders.standaloneSetup(MockMvcBuilders.java:75)
	at springboottest.spring.boot.hello.world.HelloWorldControllerTest.setUp(HelloWorldControllerTest.java:22)
</error>
  </testcase>
</testsuite>